<?xml version="1.0" encoding="UTF-8"?>
<!-- Generated by org.testng.reporters.JUnitReportReporter -->
<testsuite hostname="Admin" failures="0" tests="1" name="tests.gmail.Testsuite_Demo" time="0.029" errors="0" timestamp="13 May 2021 03:21:56 GMT" skipped="0">
  <testcase classname="tests.gmail.Testsuite_Demo" name="TC033" time="0.029"/>
</testsuite> <!-- tests.gmail.Testsuite_Demo -->
